<?xml version="1.0" encoding="utf-8"?><testsuites name="pytest tests"><testsuite name="pytest" errors="0" failures="0" skipped="0" tests="13" time="2.983" timestamp="2026-04-26T14:15:37.431979+00:00" hostname="agent-env-31df74e3-3c33-446b-8cd9-a0427138fe37"><testcase classname="backend.tests.test_iteration_2_reference_tree" name="test_super_login_works" time="0.132" /><testcase classname="backend.tests.test_iteration_2_reference_tree" name="test_public_reference_persons" time="0.119" /><testcase classname="backend.tests.test_iteration_2_reference_tree" name="test_registrations_count" time="0.105" /><testcase classname="backend.tests.test_iteration_2_reference_tree" name="test_get_admin_reference_tree" time="0.233" /><testcase classname="backend.tests.test_iteration_2_reference_tree" name="test_get_admin_reference_tree_requires_auth" time="0.106" /><testcase classname="backend.tests.test_iteration_2_reference_tree" name="test_put_rejects_non_superadmin" time="0.335" /><testcase classname="backend.tests.test_iteration_2_reference_tree" name="test_put_rejects_duplicate_ids" time="0.134" /><testcase classname="backend.tests.test_iteration_2_reference_tree" name="test_put_rejects_missing_parent" time="0.128" /><testcase classname="backend.tests.test_iteration_2_reference_tree" name="test_put_rejects_multiple_roots" time="0.140" /><testcase classname="backend.tests.test_iteration_2_reference_tree" name="test_put_rejects_empty_name" time="0.124" /><testcase classname="backend.tests.test_iteration_2_reference_tree" name="test_put_rejects_cycle" time="0.148" /><testcase classname="backend.tests.test_iteration_2_reference_tree" name="test_put_add_child_persists_and_public_reflects" time="0.635" /><testcase classname="backend.tests.test_iteration_2_reference_tree" name="test_admin_reference_person_update_relation_categories" time="0.550" /></testsuite></testsuites>