<?xml version="1.0" encoding="utf-8"?><testsuites name="pytest tests"><testsuite name="pytest" errors="0" failures="0" skipped="0" tests="7" time="1.383" timestamp="2026-04-26T15:06:05.101532+00:00" hostname="agent-env-31df74e3-3c33-446b-8cd9-a0427138fe37"><testcase classname="backend.tests.test_iteration_3_regression" name="test_login_super" time="0.141" /><testcase classname="backend.tests.test_iteration_3_regression" name="test_public_reference_persons" time="0.156" /><testcase classname="backend.tests.test_iteration_3_regression" name="test_registrations_count" time="0.125" /><testcase classname="backend.tests.test_iteration_3_regression" name="test_admin_dashboard_stats" time="0.256" /><testcase classname="backend.tests.test_iteration_3_regression" name="test_admin_reference_tree_get" time="0.111" /><testcase classname="backend.tests.test_iteration_3_regression" name="test_admin_reference_tree_put_noop" time="0.401" /><testcase classname="backend.tests.test_iteration_3_regression" name="test_public_reference_tree" time="0.116" /></testsuite></testsuites>