<?xml version="1.0" encoding="utf-8"?><testsuites name="pytest tests"><testsuite name="pytest" errors="0" failures="0" skipped="0" tests="20" time="4.652" timestamp="2026-04-11T05:14:25.017470+00:00" hostname="agent-env-88923b65-cd29-40b6-a809-62b8f5657783"><testcase classname="backend.tests.test_iteration_15.TestAuthEndpoints" name="test_super_admin_login" time="0.248" /><testcase classname="backend.tests.test_iteration_15.TestAuthEndpoints" name="test_swamsevak_login" time="0.138" /><testcase classname="backend.tests.test_iteration_15.TestAuthEndpoints" name="test_invalid_login" time="0.143" /><testcase classname="backend.tests.test_iteration_15.TestOTPFlow" name="test_otp_send" time="0.108" /><testcase classname="backend.tests.test_iteration_15.TestOTPFlow" name="test_otp_verify" time="0.293" /><testcase classname="backend.tests.test_iteration_15.TestOTPFlow" name="test_otp_invalid" time="0.205" /><testcase classname="backend.tests.test_iteration_15.TestRegistrationByMobile" name="test_registration_by_mobile_path_param" time="0.601" /><testcase classname="backend.tests.test_iteration_15.TestRegistrationByMobile" name="test_registration_not_found" time="0.104" /><testcase classname="backend.tests.test_iteration_15.TestAdminApproveDisapprove" name="test_approve_registration" time="0.205" /><testcase classname="backend.tests.test_iteration_15.TestAdminApproveDisapprove" name="test_reject_registration" time="0.470" /><testcase classname="backend.tests.test_iteration_15.TestQRGeneration" name="test_qr_generate_requires_superadmin" time="0.457" /><testcase classname="backend.tests.test_iteration_15.TestAttendance3ConditionBlock" name="test_mark_arrival_blocked_without_conditions" time="0.547" /><testcase classname="backend.tests.test_iteration_15.TestCSVExports" name="test_export_pending_csv" time="0.163" /><testcase classname="backend.tests.test_iteration_15.TestCSVExports" name="test_export_expected_csv" time="0.103" /><testcase classname="backend.tests.test_iteration_15.TestCSVExports" name="test_export_arrived_csv" time="0.098" /><testcase classname="backend.tests.test_iteration_15.TestCSVExports" name="test_export_rooms_csv" time="0.106" /><testcase classname="backend.tests.test_iteration_15.TestPublicEndpoints" name="test_reference_persons_public" time="0.094" /><testcase classname="backend.tests.test_iteration_15.TestPublicEndpoints" name="test_relation_categories_public" time="0.109" /><testcase classname="backend.tests.test_iteration_15.TestPublicEndpoints" name="test_registration_count" time="0.105" /><testcase classname="backend.tests.test_iteration_15.TestAdminDashboard" name="test_dashboard" time="0.122" /></testsuite></testsuites>