<?xml version="1.0" encoding="utf-8"?><testsuites name="pytest tests"><testsuite name="pytest" errors="0" failures="0" skipped="0" tests="18" time="3.452" timestamp="2026-04-18T13:30:27.527069+00:00" hostname="agent-env-f94377c0-8a20-4ded-84f6-2b86287bcb64"><testcase classname="backend.tests.test_smoke_e2e.TestRootAndHealth" name="test_root_endpoint_returns_200" time="0.207" /><testcase classname="backend.tests.test_smoke_e2e.TestAuthentication" name="test_login_superadmin_success" time="0.114" /><testcase classname="backend.tests.test_smoke_e2e.TestAuthentication" name="test_login_invalid_credentials" time="0.107" /><testcase classname="backend.tests.test_smoke_e2e.TestAuthentication" name="test_auth_me_with_valid_token" time="0.223" /><testcase classname="backend.tests.test_smoke_e2e.TestAuthentication" name="test_auth_me_without_token" time="0.107" /><testcase classname="backend.tests.test_smoke_e2e.TestAuthenticatedEndpoints" name="test_admin_registrations" time="0.269" /><testcase classname="backend.tests.test_smoke_e2e.TestAuthenticatedEndpoints" name="test_admin_rooms" time="0.218" /><testcase classname="backend.tests.test_smoke_e2e.TestAuthenticatedEndpoints" name="test_admin_reference_persons" time="0.220" /><testcase classname="backend.tests.test_smoke_e2e.TestAuthenticatedEndpoints" name="test_admin_admins" time="0.252" /><testcase classname="backend.tests.test_smoke_e2e.TestAuthenticatedEndpoints" name="test_admin_relation_categories" time="0.213" /><testcase classname="backend.tests.test_smoke_e2e.TestAuthenticatedEndpoints" name="test_admin_todos" time="0.291" /><testcase classname="backend.tests.test_smoke_e2e.TestAuthenticatedEndpoints" name="test_admin_tickets" time="0.240" /><testcase classname="backend.tests.test_smoke_e2e.TestAuthenticatedEndpoints" name="test_admin_dashboard" time="0.228" /><testcase classname="backend.tests.test_smoke_e2e.TestAuthenticatedEndpoints" name="test_admin_custom_fields" time="0.217" /><testcase classname="backend.tests.test_smoke_e2e.TestPublicEndpoints" name="test_geo_countries" time="0.114" /><testcase classname="backend.tests.test_smoke_e2e.TestPublicEndpoints" name="test_reference_persons_public" time="0.105" /><testcase classname="backend.tests.test_smoke_e2e.TestPublicEndpoints" name="test_relation_categories_public" time="0.123" /><testcase classname="backend.tests.test_smoke_e2e.TestPublicEndpoints" name="test_registrations_count" time="0.109" /></testsuite></testsuites>