<?xml version="1.0" encoding="utf-8"?><testsuites name="pytest tests"><testsuite name="pytest" errors="0" failures="0" skipped="0" tests="29" time="7.843" timestamp="2026-04-09T12:28:47.205194+00:00" hostname="agent-env-88923b65-cd29-40b6-a809-62b8f5657783"><testcase classname="backend.tests.test_v25_features.TestAuthLogin" name="test_super_admin_login" time="0.133" /><testcase classname="backend.tests.test_v25_features.TestAuthLogin" name="test_regular_admin_login" time="0.122" /><testcase classname="backend.tests.test_v25_features.TestAuthLogin" name="test_invalid_credentials" time="0.105" /><testcase classname="backend.tests.test_v25_features.TestDashboard" name="test_dashboard_loads" time="0.248" /><testcase classname="backend.tests.test_v25_features.TestDashboard" name="test_drill_down_arrival_date" time="0.231" /><testcase classname="backend.tests.test_v25_features.TestDashboard" name="test_drill_down_departure_date" time="0.240" /><testcase classname="backend.tests.test_v25_features.TestDashboard" name="test_drill_down_arrival_status" time="0.229" /><testcase classname="backend.tests.test_v25_features.TestRejectedRegistrations" name="test_get_rejected_registrations" time="0.231" /><testcase classname="backend.tests.test_v25_features.TestSLAConfig" name="test_get_sla_config" time="0.358" /><testcase classname="backend.tests.test_v25_features.TestSLAConfig" name="test_update_sla_config_super_admin_only" time="0.374" /><testcase classname="backend.tests.test_v25_features.TestQRManagement" name="test_get_qr_management_super_admin" time="0.317" /><testcase classname="backend.tests.test_v25_features.TestQRManagement" name="test_get_qr_management_regular_admin_forbidden" time="0.349" /><testcase classname="backend.tests.test_v25_features.TestUndoArrivalDeparture" name="test_undo_arrival_requires_super_admin" time="0.545" /><testcase classname="backend.tests.test_v25_features.TestUndoArrivalDeparture" name="test_undo_departure_requires_super_admin" time="0.359" /><testcase classname="backend.tests.test_v25_features.TestUndoArrivalDeparture" name="test_undo_arrival_not_found" time="0.352" /><testcase classname="backend.tests.test_v25_features.TestUndoArrivalDeparture" name="test_undo_departure_not_found" time="0.320" /><testcase classname="backend.tests.test_v25_features.TestRegistrationCutoff" name="test_get_cutoff_status" time="0.158" /><testcase classname="backend.tests.test_v25_features.TestSidebarPermissions" name="test_pending_approval_super_admin_access" time="0.317" /><testcase classname="backend.tests.test_v25_features.TestSidebarPermissions" name="test_pending_approval_regular_admin_access" time="0.351" /><testcase classname="backend.tests.test_v25_features.TestSidebarPermissions" name="test_message_center_super_admin_only" time="0.303" /><testcase classname="backend.tests.test_v25_features.TestRoomManagement" name="test_get_rooms" time="0.216" /><testcase classname="backend.tests.test_v25_features.TestHelpCentre" name="test_get_tickets" time="0.227" /><testcase classname="backend.tests.test_v25_features.TestHelpCentre" name="test_get_ticket_stats" time="0.228" /><testcase classname="backend.tests.test_v25_features.TestTodoModule" name="test_get_todos" time="0.209" /><testcase classname="backend.tests.test_v25_features.TestAttendanceMarker" name="test_qr_scan_invalid" time="0.252" /><testcase classname="backend.tests.test_v25_features.TestAttendanceMarker" name="test_manual_search_expected_guests" time="0.242" /><testcase classname="backend.tests.test_v25_features.TestExpectedGuestList" name="test_get_expected_guests" time="0.323" /><testcase classname="backend.tests.test_v25_features.TestArrivedGuestList" name="test_get_arrived_guests" time="0.216" /><testcase classname="backend.tests.test_v25_features.TestAdminsList" name="test_get_admins_list" time="0.210" /></testsuite></testsuites>