<?xml version="1.0" encoding="utf-8"?><testsuites name="pytest tests"><testsuite name="pytest" errors="0" failures="0" skipped="0" tests="24" time="3.904" timestamp="2026-04-09T13:14:31.833266+00:00" hostname="agent-env-88923b65-cd29-40b6-a809-62b8f5657783"><testcase classname="backend.tests.test_phase_cde.TestAuthLogin" name="test_super_admin_login" time="0.233" /><testcase classname="backend.tests.test_phase_cde.TestAuthLogin" name="test_regular_admin_login" time="0.147" /><testcase classname="backend.tests.test_phase_cde.TestAuthLogin" name="test_invalid_login" time="0.153" /><testcase classname="backend.tests.test_phase_cde.TestSwamsevakDashboard" name="test_swamsevak_dashboard_endpoint" time="0.274" /><testcase classname="backend.tests.test_phase_cde.TestSwamsevakDashboard" name="test_swamsevak_dashboard_regular_admin" time="0.235" /><testcase classname="backend.tests.test_phase_cde.TestRoomVacancyForecast" name="test_room_vacancy_forecast_endpoint" time="0.115" /><testcase classname="backend.tests.test_phase_cde.TestSelfServicePage" name="test_registration_by_mobile_not_found" time="0.107" /><testcase classname="backend.tests.test_phase_cde.TestSelfServicePage" name="test_registration_by_mobile_path_param" time="0.122" /><testcase classname="backend.tests.test_phase_cde.TestOTPFlow" name="test_otp_send" time="0.146" /><testcase classname="backend.tests.test_phase_cde.TestOTPFlow" name="test_otp_verify_invalid" time="0.246" /><testcase classname="backend.tests.test_phase_cde.TestOTPFlow" name="test_otp_verify_success" time="0.273" /><testcase classname="backend.tests.test_phase_cde.TestRegistrationFlow" name="test_create_registration_with_travel_fields" time="0.136" /><testcase classname="backend.tests.test_phase_cde.TestRegistrationFlow" name="test_registration_duplicate_rejected" time="0.273" /><testcase classname="backend.tests.test_phase_cde.TestReferencePersonsPublic" name="test_get_reference_persons_public" time="0.125" /><testcase classname="backend.tests.test_phase_cde.TestRelationCategoriesPublic" name="test_get_relation_categories_public" time="0.103" /><testcase classname="backend.tests.test_phase_cde.TestAdminDashboard" name="test_dashboard_endpoint" time="0.124" /><testcase classname="backend.tests.test_phase_cde.TestExpectedGuestList" name="test_expected_guests_endpoint" time="0.127" /><testcase classname="backend.tests.test_phase_cde.TestExpectedGuestList" name="test_expected_guests_with_search" time="0.122" /><testcase classname="backend.tests.test_phase_cde.TestMessageCenter" name="test_message_templates" time="0.112" /><testcase classname="backend.tests.test_phase_cde.TestMessageCenter" name="test_message_campaigns" time="0.128" /><testcase classname="backend.tests.test_phase_cde.TestRoomManagement" name="test_rooms_list" time="0.107" /><testcase classname="backend.tests.test_phase_cde.TestWhatsAppConfirmation" name="test_message_deliveries_logged" time="0.122" /><testcase classname="backend.tests.test_phase_cde.TestFormValidation" name="test_otp_send_invalid_mobile" time="0.139" /><testcase classname="backend.tests.test_phase_cde.TestFormValidation" name="test_registration_missing_mobile" time="0.115" /></testsuite></testsuites>