<?xml version="1.0" encoding="utf-8"?><testsuites name="pytest tests"><testsuite name="pytest" errors="0" failures="0" skipped="0" tests="14" time="4.697" timestamp="2026-04-01T11:03:57.130270+00:00" hostname="agent-env-88923b65-cd29-40b6-a809-62b8f5657783"><testcase classname="backend.tests.test_v8_ui_overhaul.TestAuthAndRoles" name="test_regular_admin_login" time="0.204" /><testcase classname="backend.tests.test_v8_ui_overhaul.TestAuthAndRoles" name="test_super_admin_login" time="0.107" /><testcase classname="backend.tests.test_v8_ui_overhaul.TestAdminManagement" name="test_list_admins_super_admin" time="0.261" /><testcase classname="backend.tests.test_v8_ui_overhaul.TestAdminManagement" name="test_list_admins_regular_admin_forbidden" time="0.217" /><testcase classname="backend.tests.test_v8_ui_overhaul.TestAdminManagement" name="test_create_custom_admin" time="0.438" /><testcase classname="backend.tests.test_v8_ui_overhaul.TestAdminManagement" name="test_delete_custom_admin" time="0.356" /><testcase classname="backend.tests.test_v8_ui_overhaul.TestDeleteDisapprovedEntries" name="test_permanent_delete_rejected_entry" time="0.448" /><testcase classname="backend.tests.test_v8_ui_overhaul.TestDashboard" name="test_dashboard_data_structure" time="0.214" /><testcase classname="backend.tests.test_v8_ui_overhaul.TestGuestListFilters" name="test_filter_by_arrival_date" time="0.213" /><testcase classname="backend.tests.test_v8_ui_overhaul.TestGuestListFilters" name="test_filter_by_departure_date" time="0.225" /><testcase classname="backend.tests.test_v8_ui_overhaul.TestGuestListFilters" name="test_filter_by_arrival_status" time="0.233" /><testcase classname="backend.tests.test_v8_ui_overhaul.TestArrivalRoomModal" name="test_mark_arrived_without_room" time="0.639" /><testcase classname="backend.tests.test_v8_ui_overhaul.TestArrivalRoomModal" name="test_rooms_list_for_modal" time="0.216" /><testcase classname="backend.tests.test_v8_ui_overhaul.TestRowColoring" name="test_arrival_status_values" time="0.662" /></testsuite></testsuites>