<?xml version="1.0" encoding="utf-8"?><testsuites name="pytest tests"><testsuite name="pytest" errors="0" failures="0" skipped="0" tests="39" time="6.439" timestamp="2026-04-09T09:22:51.097588+00:00" hostname="agent-env-88923b65-cd29-40b6-a809-62b8f5657783"><testcase classname="backend.tests.test_v12_phase4_10.TestAdminLogin" name="test_super_admin_login" time="0.259" /><testcase classname="backend.tests.test_v12_phase4_10.TestAdminLogin" name="test_regular_admin_login" time="0.105" /><testcase classname="backend.tests.test_v12_phase4_10.TestAdminLogin" name="test_invalid_credentials" time="0.141" /><testcase classname="backend.tests.test_v12_phase4_10.TestHelpCentre" name="test_get_ticket_categories" time="0.236" /><testcase classname="backend.tests.test_v12_phase4_10.TestHelpCentre" name="test_get_ticket_stats" time="0.137" /><testcase classname="backend.tests.test_v12_phase4_10.TestHelpCentre" name="test_create_ticket" time="0.144" /><testcase classname="backend.tests.test_v12_phase4_10.TestHelpCentre" name="test_get_tickets_list" time="0.101" /><testcase classname="backend.tests.test_v12_phase4_10.TestHelpCentre" name="test_get_tickets_with_status_filter" time="0.105" /><testcase classname="backend.tests.test_v12_phase4_10.TestHelpCentre" name="test_resolve_ticket" time="0.213" /><testcase classname="backend.tests.test_v12_phase4_10.TestHelpCentre" name="test_resolve_ticket_requires_closing_note" time="1.035" /><testcase classname="backend.tests.test_v12_phase4_10.TestTodoModule" name="test_get_todos" time="0.104" /><testcase classname="backend.tests.test_v12_phase4_10.TestTodoModule" name="test_create_todo" time="0.114" /><testcase classname="backend.tests.test_v12_phase4_10.TestTodoModule" name="test_toggle_todo_complete" time="0.200" /><testcase classname="backend.tests.test_v12_phase4_10.TestTodoModule" name="test_delete_todo" time="0.223" /><testcase classname="backend.tests.test_v12_phase4_10.TestTodoModule" name="test_filter_todos_by_completed" time="0.101" /><testcase classname="backend.tests.test_v12_phase4_10.TestMessageCenter" name="test_get_message_templates" time="0.157" /><testcase classname="backend.tests.test_v12_phase4_10.TestMessageCenter" name="test_create_message_template" time="0.142" /><testcase classname="backend.tests.test_v12_phase4_10.TestMessageCenter" name="test_send_message_mocked" time="0.184" /><testcase classname="backend.tests.test_v12_phase4_10.TestMessageCenter" name="test_get_campaigns" time="0.114" /><testcase classname="backend.tests.test_v12_phase4_10.TestMessageCenter" name="test_regular_admin_cannot_access_templates" time="0.201" /><testcase classname="backend.tests.test_v12_phase4_10.TestCustomFields" name="test_get_custom_fields" time="0.114" /><testcase classname="backend.tests.test_v12_phase4_10.TestCustomFields" name="test_create_custom_field_text" time="0.112" /><testcase classname="backend.tests.test_v12_phase4_10.TestCustomFields" name="test_create_custom_field_toggle" time="0.100" /><testcase classname="backend.tests.test_v12_phase4_10.TestCustomFields" name="test_create_custom_field_dropdown" time="0.098" /><testcase classname="backend.tests.test_v12_phase4_10.TestCustomFields" name="test_delete_custom_field" time="0.205" /><testcase classname="backend.tests.test_v12_phase4_10.TestCustomFields" name="test_regular_admin_cannot_create_field" time="0.103" /><testcase classname="backend.tests.test_v12_phase4_10.TestQRCodeSystem" name="test_bulk_qr_generate" time="0.126" /><testcase classname="backend.tests.test_v12_phase4_10.TestQRCodeSystem" name="test_qr_scan_invalid_format" time="0.104" /><testcase classname="backend.tests.test_v12_phase4_10.TestQRCodeSystem" name="test_qr_scan_empty_data" time="0.105" /><testcase classname="backend.tests.test_v12_phase4_10.TestQRCodeSystem" name="test_qr_scan_not_found" time="0.135" /><testcase classname="backend.tests.test_v12_phase4_10.TestChatbot" name="test_chatbot_default_response_english" time="0.100" /><testcase classname="backend.tests.test_v12_phase4_10.TestChatbot" name="test_chatbot_default_response_hindi" time="0.108" /><testcase classname="backend.tests.test_v12_phase4_10.TestChatbot" name="test_chatbot_water_request" time="0.116" /><testcase classname="backend.tests.test_v12_phase4_10.TestChatbot" name="test_chatbot_medical_request" time="0.100" /><testcase classname="backend.tests.test_v12_phase4_10.TestChatbot" name="test_chatbot_food_timing_no_ticket" time="0.112" /><testcase classname="backend.tests.test_v12_phase4_10.TestAdminEndpointAccess" name="test_regular_admin_can_access_tickets" time="0.106" /><testcase classname="backend.tests.test_v12_phase4_10.TestAdminEndpointAccess" name="test_regular_admin_can_access_todos" time="0.111" /><testcase classname="backend.tests.test_v12_phase4_10.TestAdminEndpointAccess" name="test_regular_admin_can_access_custom_fields_read" time="0.101" /><testcase classname="backend.tests.test_v12_phase4_10.TestAdminEndpointAccess" name="test_unauthenticated_cannot_access_admin" time="0.113" /></testsuite></testsuites>