<?xml version="1.0" encoding="utf-8"?><testsuites name="pytest tests"><testsuite name="pytest" errors="0" failures="0" skipped="0" tests="12" time="2.223" timestamp="2026-03-31T09:15:30.597893+00:00" hostname="agent-env-88923b65-cd29-40b6-a809-62b8f5657783"><testcase classname="backend.tests.test_15point_audit.TestAdminAuth" name="test_admin_login_with_username_arunpanchariya" time="0.148" /><testcase classname="backend.tests.test_15point_audit.TestAdminAuth" name="test_admin_login_with_username_ashokpanchariya" time="0.101" /><testcase classname="backend.tests.test_15point_audit.TestAdminAuth" name="test_admin_login_invalid_credentials" time="0.099" /><testcase classname="backend.tests.test_15point_audit.TestAdminAuth" name="test_admin_login_with_email_fails" time="0.184" /><testcase classname="backend.tests.test_15point_audit.TestAdminDashboard" name="test_admin_registrations_endpoint" time="0.296" /><testcase classname="backend.tests.test_15point_audit.TestAdminDashboard" name="test_admin_summary_endpoint" time="0.196" /><testcase classname="backend.tests.test_15point_audit.TestAdminDashboard" name="test_admin_activity_logs_endpoint" time="0.186" /><testcase classname="backend.tests.test_15point_audit.TestRegistrationAPI" name="test_create_registration" time="0.091" /><testcase classname="backend.tests.test_15point_audit.TestRegistrationAPI" name="test_registration_count" time="0.128" /><testcase classname="backend.tests.test_15point_audit.TestApprovalWorkflow" name="test_approve_registration" time="0.313" /><testcase classname="backend.tests.test_15point_audit.TestApprovalWorkflow" name="test_delete_registration" time="0.322" /><testcase classname="backend.tests.test_15point_audit.TestAPIHealth" name="test_api_root" time="0.094" /></testsuite></testsuites>