<?xml version="1.0" encoding="utf-8"?><testsuites name="pytest tests"><testsuite name="pytest" errors="0" failures="0" skipped="0" tests="25" time="6.433" timestamp="2026-03-31T12:51:29.600806+00:00" hostname="agent-env-88923b65-cd29-40b6-a809-62b8f5657783"><testcase classname="backend.tests.test_v3_admin.TestAuthEndpoints" name="test_login_success" time="0.128" /><testcase classname="backend.tests.test_v3_admin.TestAuthEndpoints" name="test_login_invalid_credentials" time="0.112" /><testcase classname="backend.tests.test_v3_admin.TestAuthEndpoints" name="test_auth_me_with_token" time="0.211" /><testcase classname="backend.tests.test_v3_admin.TestAuthEndpoints" name="test_auth_me_without_token" time="0.102" /><testcase classname="backend.tests.test_v3_admin.TestDashboardEndpoint" name="test_dashboard_returns_stats" time="0.275" /><testcase classname="backend.tests.test_v3_admin.TestDashboardEndpoint" name="test_dashboard_requires_auth" time="0.123" /><testcase classname="backend.tests.test_v3_admin.TestRegistrationsEndpoints" name="test_get_pending_registrations" time="0.217" /><testcase classname="backend.tests.test_v3_admin.TestRegistrationsEndpoints" name="test_get_approved_registrations" time="0.226" /><testcase classname="backend.tests.test_v3_admin.TestRegistrationsEndpoints" name="test_get_deleted_registrations" time="0.220" /><testcase classname="backend.tests.test_v3_admin.TestRegistrationsEndpoints" name="test_search_registrations" time="0.217" /><testcase classname="backend.tests.test_v3_admin.TestApprovalWorkflow" name="test_approve_registration" time="0.429" /><testcase classname="backend.tests.test_v3_admin.TestApprovalWorkflow" name="test_reject_registration" time="0.347" /><testcase classname="backend.tests.test_v3_admin.TestRecycleBinWorkflow" name="test_restore_from_recycle_bin" time="0.338" /><testcase classname="backend.tests.test_v3_admin.TestManualEntry" name="test_create_manual_entry" time="0.205" /><testcase classname="backend.tests.test_v3_admin.TestManualEntry" name="test_duplicate_detection" time="0.310" /><testcase classname="backend.tests.test_v3_admin.TestRoomManagement" name="test_create_room" time="0.213" /><testcase classname="backend.tests.test_v3_admin.TestRoomManagement" name="test_get_rooms" time="0.248" /><testcase classname="backend.tests.test_v3_admin.TestRoomManagement" name="test_room_double_booking_prevention" time="0.414" /><testcase classname="backend.tests.test_v3_admin.TestRoomManagement" name="test_delete_room" time="0.351" /><testcase classname="backend.tests.test_v3_admin.TestManagementUpdate" name="test_update_arrival_status" time="0.347" /><testcase classname="backend.tests.test_v3_admin.TestAuditLog" name="test_get_audit_logs" time="0.295" /><testcase classname="backend.tests.test_v3_admin.TestExports" name="test_export_csv" time="0.231" /><testcase classname="backend.tests.test_v3_admin.TestExports" name="test_export_pdf_guestlist" time="0.213" /><testcase classname="backend.tests.test_v3_admin.TestExports" name="test_export_pdf_rooms" time="0.255" /><testcase classname="backend.tests.test_v3_admin.TestBulkActions" name="test_bulk_approve" time="0.327" /></testsuite></testsuites>