<?xml version="1.0" encoding="utf-8"?><testsuites name="pytest tests"><testsuite name="pytest" errors="0" failures="0" skipped="0" tests="15" time="4.361" timestamp="2026-03-29T12:17:04.166394+00:00" hostname="agent-env-88923b65-cd29-40b6-a809-62b8f5657783"><testcase classname="backend.tests.test_katha_api.TestHealthAndRoot" name="test_api_root" time="0.265" /><testcase classname="backend.tests.test_katha_api.TestAuthEndpoints" name="test_login_success" time="0.355" /><testcase classname="backend.tests.test_katha_api.TestAuthEndpoints" name="test_login_invalid_credentials" time="0.116" /><testcase classname="backend.tests.test_katha_api.TestAuthEndpoints" name="test_auth_me_authenticated" time="0.416" /><testcase classname="backend.tests.test_katha_api.TestAuthEndpoints" name="test_auth_me_unauthenticated" time="0.119" /><testcase classname="backend.tests.test_katha_api.TestAuthEndpoints" name="test_logout" time="0.426" /><testcase classname="backend.tests.test_katha_api.TestRegistrationEndpoints" name="test_create_registration_minimal" time="0.196" /><testcase classname="backend.tests.test_katha_api.TestRegistrationEndpoints" name="test_create_registration_full" time="0.116" /><testcase classname="backend.tests.test_katha_api.TestRegistrationEndpoints" name="test_create_registration_attendance_intent_options" time="0.408" /><testcase classname="backend.tests.test_katha_api.TestRegistrationEndpoints" name="test_registration_count" time="0.123" /><testcase classname="backend.tests.test_katha_api.TestAdminEndpoints" name="test_admin_registrations_authenticated" time="0.440" /><testcase classname="backend.tests.test_katha_api.TestAdminEndpoints" name="test_admin_registrations_unauthenticated" time="0.098" /><testcase classname="backend.tests.test_katha_api.TestAdminEndpoints" name="test_admin_summary" time="0.460" /><testcase classname="backend.tests.test_katha_api.TestAdminEndpoints" name="test_admin_export_csv" time="0.448" /><testcase classname="backend.tests.test_katha_api.TestAdminEndpoints" name="test_admin_export_csv_unauthenticated" time="0.163" /></testsuite></testsuites>