<?xml version="1.0" encoding="utf-8"?><testsuites name="pytest tests"><testsuite name="pytest" errors="0" failures="0" skipped="0" tests="20" time="6.722" timestamp="2026-04-19T08:53:57.958063+00:00" hostname="agent-env-150f2b68-8c83-43f9-9ceb-1eb6004ca7fa"><testcase classname="tests.test_role_gating.TestAuthEndpoints" name="test_super_admin_login" time="0.222" /><testcase classname="tests.test_role_gating.TestAuthEndpoints" name="test_normal_admin_login" time="0.098" /><testcase classname="tests.test_role_gating.TestAuthEndpoints" name="test_invalid_credentials" time="0.111" /><testcase classname="tests.test_role_gating.TestReferencePersonsRoleGating" name="test_super_admin_can_list_reference_persons" time="0.265" /><testcase classname="tests.test_role_gating.TestReferencePersonsRoleGating" name="test_normal_admin_can_list_reference_persons" time="0.213" /><testcase classname="tests.test_role_gating.TestReferencePersonsRoleGating" name="test_super_admin_can_create_reference_person" time="0.302" /><testcase classname="tests.test_role_gating.TestReferencePersonsRoleGating" name="test_normal_admin_cannot_create_reference_person" time="0.252" /><testcase classname="tests.test_role_gating.TestReferencePersonsRoleGating" name="test_normal_admin_cannot_update_reference_person" time="0.576" /><testcase classname="tests.test_role_gating.TestReferencePersonsRoleGating" name="test_normal_admin_cannot_delete_reference_person" time="0.542" /><testcase classname="tests.test_role_gating.TestReferencePersonRelationCategories" name="test_create_reference_person_with_categories" time="0.315" /><testcase classname="tests.test_role_gating.TestReferencePersonRelationCategories" name="test_create_reference_person_without_categories" time="0.360" /><testcase classname="tests.test_role_gating.TestReferencePersonRelationCategories" name="test_update_reference_person_categories" time="0.515" /><testcase classname="tests.test_role_gating.TestReferencePersonRelationCategories" name="test_public_endpoint_returns_relation_categories" time="0.414" /><testcase classname="tests.test_role_gating.TestNotificationsRoleGating" name="test_both_admins_can_view_otp_logs" time="0.432" /><testcase classname="tests.test_role_gating.TestNotificationsRoleGating" name="test_both_admins_can_view_conversations" time="0.432" /><testcase classname="tests.test_role_gating.TestWAFlowSettingsRoleGating" name="test_both_admins_can_list_wa_flows" time="0.432" /><testcase classname="tests.test_role_gating.TestDashboardAndCoreFlows" name="test_dashboard_loads" time="0.241" /><testcase classname="tests.test_role_gating.TestDashboardAndCoreFlows" name="test_registrations_list" time="0.197" /><testcase classname="tests.test_role_gating.TestDashboardAndCoreFlows" name="test_rooms_list" time="0.211" /><testcase classname="tests.test_role_gating.TestDashboardAndCoreFlows" name="test_auth_me_endpoint" time="0.411" /></testsuite></testsuites>