<?xml version="1.0" encoding="utf-8"?><testsuites name="pytest tests"><testsuite name="pytest" errors="0" failures="0" skipped="1" tests="17" time="4.872" timestamp="2026-04-11T06:26:25.148010+00:00" hostname="agent-env-88923b65-cd29-40b6-a809-62b8f5657783"><testcase classname="backend.tests.test_iteration_17.TestAuth" name="test_super_admin_login" time="0.202" /><testcase classname="backend.tests.test_iteration_17.TestAuth" name="test_swamsevak_login" time="0.111" /><testcase classname="backend.tests.test_iteration_17.TestApproveRejectEndpoints" name="test_approve_endpoint_changes_db" time="0.932" /><testcase classname="backend.tests.test_iteration_17.TestApproveRejectEndpoints" name="test_reject_endpoint_changes_db" time="0.940" /><testcase classname="backend.tests.test_iteration_17.TestPDFExport" name="test_pdf_export_pending" time="0.225" /><testcase classname="backend.tests.test_iteration_17.TestPDFExport" name="test_pdf_export_arrived" time="0.229" /><testcase classname="backend.tests.test_iteration_17.TestPDFExport" name="test_pdf_export_rooms" time="0.209" /><testcase classname="backend.tests.test_iteration_17.TestCSVExport" name="test_csv_export_rooms" time="0.207" /><testcase classname="backend.tests.test_iteration_17.TestDeleteEndpoints" name="test_permanent_delete_endpoint_exists" time="0.212" /><testcase classname="backend.tests.test_iteration_17.TestQRFunctionality" name="test_qr_scan_already_arrived" time="0.211"><skipped type="pytest.skip" message="No arrived guests with QR token, room, and swamsevak to test">/app/backend/tests/test_iteration_17.py:221: No arrived guests with QR token, room, and swamsevak to test</skipped></testcase><testcase classname="backend.tests.test_iteration_17.TestMarkArrivalEndpoint" name="test_mark_arrival_endpoint_exists" time="0.210" /><testcase classname="backend.tests.test_iteration_17.TestDashboardCounts" name="test_dashboard_counts" time="0.229" /><testcase classname="backend.tests.test_iteration_17.TestAuditLog" name="test_audit_log_endpoint" time="0.228" /><testcase classname="backend.tests.test_iteration_17.TestPublicEndpoints" name="test_reference_persons_public" time="0.106" /><testcase classname="backend.tests.test_iteration_17.TestPublicEndpoints" name="test_relation_categories_public" time="0.111" /><testcase classname="backend.tests.test_iteration_17.TestUndoArrivalDeparture" name="test_undo_arrival_endpoint_exists" time="0.218" /><testcase classname="backend.tests.test_iteration_17.TestUndoArrivalDeparture" name="test_undo_departure_endpoint_exists" time="0.199" /></testsuite></testsuites>