<?xml version="1.0" encoding="utf-8"?><testsuites name="pytest tests"><testsuite name="pytest" errors="0" failures="0" skipped="0" tests="15" time="3.837" timestamp="2026-03-30T12:51:32.358837+00:00" hostname="agent-env-88923b65-cd29-40b6-a809-62b8f5657783"><testcase classname="backend.tests.test_katha_api.TestHealthAndRoot" name="test_api_root" time="0.173" /><testcase classname="backend.tests.test_katha_api.TestAuthEndpoints" name="test_login_success" time="0.354" /><testcase classname="backend.tests.test_katha_api.TestAuthEndpoints" name="test_login_invalid_credentials" time="0.160" /><testcase classname="backend.tests.test_katha_api.TestAuthEndpoints" name="test_auth_me_authenticated" time="0.367" /><testcase classname="backend.tests.test_katha_api.TestAuthEndpoints" name="test_auth_me_unauthenticated" time="0.097" /><testcase classname="backend.tests.test_katha_api.TestAuthEndpoints" name="test_logout" time="0.409" /><testcase classname="backend.tests.test_katha_api.TestRegistrationEndpoints" name="test_create_registration_minimal" time="0.120" /><testcase classname="backend.tests.test_katha_api.TestRegistrationEndpoints" name="test_create_registration_full" time="0.137" /><testcase classname="backend.tests.test_katha_api.TestRegistrationEndpoints" name="test_create_registration_attendance_intent_options" time="0.336" /><testcase classname="backend.tests.test_katha_api.TestRegistrationEndpoints" name="test_registration_count" time="0.119" /><testcase classname="backend.tests.test_katha_api.TestAdminEndpoints" name="test_admin_registrations_authenticated" time="0.368" /><testcase classname="backend.tests.test_katha_api.TestAdminEndpoints" name="test_admin_registrations_unauthenticated" time="0.111" /><testcase classname="backend.tests.test_katha_api.TestAdminEndpoints" name="test_admin_summary" time="0.366" /><testcase classname="backend.tests.test_katha_api.TestAdminEndpoints" name="test_admin_export_csv" time="0.386" /><testcase classname="backend.tests.test_katha_api.TestAdminEndpoints" name="test_admin_export_csv_unauthenticated" time="0.102" /></testsuite></testsuites>