<?xml version="1.0" encoding="utf-8"?><testsuites name="pytest tests"><testsuite name="pytest" errors="0" failures="0" skipped="0" tests="29" time="6.373" timestamp="2026-04-08T11:45:34.112945+00:00" hostname="agent-env-88923b65-cd29-40b6-a809-62b8f5657783"><testcase classname="backend.tests.test_v2_api.TestHealthAndRoot" name="test_api_root" time="0.283" /><testcase classname="backend.tests.test_v2_api.TestOTPFlow" name="test_send_otp_success" time="0.131" /><testcase classname="backend.tests.test_v2_api.TestOTPFlow" name="test_send_otp_invalid_mobile" time="0.166" /><testcase classname="backend.tests.test_v2_api.TestOTPFlow" name="test_verify_otp_success" time="0.273" /><testcase classname="backend.tests.test_v2_api.TestOTPFlow" name="test_verify_otp_invalid" time="0.255" /><testcase classname="backend.tests.test_v2_api.TestPublicEndpoints" name="test_get_reference_persons_public" time="0.097" /><testcase classname="backend.tests.test_v2_api.TestPublicEndpoints" name="test_get_relation_categories_public" time="0.104" /><testcase classname="backend.tests.test_v2_api.TestPublicEndpoints" name="test_get_registration_count" time="0.136" /><testcase classname="backend.tests.test_v2_api.TestRegistrationCRUD" name="test_create_registration" time="0.111" /><testcase classname="backend.tests.test_v2_api.TestRegistrationCRUD" name="test_create_duplicate_registration_fails" time="0.221" /><testcase classname="backend.tests.test_v2_api.TestRegistrationCRUD" name="test_get_registration_by_mobile" time="0.205" /><testcase classname="backend.tests.test_v2_api.TestAdminAuth" name="test_superadmin_login" time="0.115" /><testcase classname="backend.tests.test_v2_api.TestAdminAuth" name="test_swamsevak_login" time="0.108" /><testcase classname="backend.tests.test_v2_api.TestAdminAuth" name="test_invalid_login" time="0.112" /><testcase classname="backend.tests.test_v2_api.TestAdminAuth" name="test_auth_me" time="0.214" /><testcase classname="backend.tests.test_v2_api.TestAdminBuckets" name="test_get_pending_bucket" time="0.207" /><testcase classname="backend.tests.test_v2_api.TestAdminBuckets" name="test_get_expected_bucket" time="0.236" /><testcase classname="backend.tests.test_v2_api.TestAdminBuckets" name="test_get_arrived_bucket" time="0.210" /><testcase classname="backend.tests.test_v2_api.TestAdminBuckets" name="test_approve_registration" time="0.463" /><testcase classname="backend.tests.test_v2_api.TestAdminDashboard" name="test_get_dashboard" time="0.218" /><testcase classname="backend.tests.test_v2_api.TestReferencePersonCRUD" name="test_list_reference_persons" time="0.226" /><testcase classname="backend.tests.test_v2_api.TestReferencePersonCRUD" name="test_create_reference_person" time="0.228" /><testcase classname="backend.tests.test_v2_api.TestReferencePersonCRUD" name="test_update_reference_person" time="0.317" /><testcase classname="backend.tests.test_v2_api.TestReferencePersonCRUD" name="test_delete_reference_person" time="0.326" /><testcase classname="backend.tests.test_v2_api.TestReferencePersonCRUD" name="test_swamsevak_cannot_create_reference_person" time="0.265" /><testcase classname="backend.tests.test_v2_api.TestManualEntry" name="test_manual_entry_to_expected" time="0.210" /><testcase classname="backend.tests.test_v2_api.TestManualEntry" name="test_manual_entry_to_arrived" time="0.209" /><testcase classname="backend.tests.test_v2_api.TestRelationCategories" name="test_list_relation_categories" time="0.219" /><testcase classname="backend.tests.test_v2_api.TestRelationCategories" name="test_create_relation_category" time="0.231" /></testsuite></testsuites>