<?xml version="1.0" encoding="utf-8"?><testsuites name="pytest tests"><testsuite name="pytest" errors="0" failures="0" skipped="0" tests="12" time="2.037" timestamp="2026-04-18T08:01:35.293435+00:00" hostname="agent-env-be5bf965-82bc-4d87-8e42-44522476b596"><testcase classname="backend.tests.test_wa_flow_and_triggers.TestWAFlowPing" name="test_wa_flow_ping_returns_active" time="0.134" /><testcase classname="backend.tests.test_wa_flow_and_triggers.TestWAFlowInit" name="test_init_arrived_guest_returns_welcome" time="0.107" /><testcase classname="backend.tests.test_wa_flow_and_triggers.TestWAFlowInit" name="test_init_unknown_phone_returns_not_eligible" time="0.114" /><testcase classname="backend.tests.test_wa_flow_and_triggers.TestWAFlowScreenTransitions" name="test_welcome_to_guest_details" time="0.106" /><testcase classname="backend.tests.test_wa_flow_and_triggers.TestWAFlowScreenTransitions" name="test_guest_details_to_category" time="0.097" /><testcase classname="backend.tests.test_wa_flow_and_triggers.TestWAFlowScreenTransitions" name="test_category_to_issue_details" time="0.103" /><testcase classname="backend.tests.test_wa_flow_and_triggers.TestWAFlowScreenTransitions" name="test_issue_details_to_summary" time="0.101" /><testcase classname="backend.tests.test_wa_flow_and_triggers.TestWAFlowScreenTransitions" name="test_summary_to_success_creates_ticket" time="0.135" /><testcase classname="backend.tests.test_wa_flow_and_triggers.TestAdminLogin" name="test_admin_login_success" time="0.103" /><testcase classname="backend.tests.test_wa_flow_and_triggers.TestWATriggers" name="test_get_all_triggers" time="0.199" /><testcase classname="backend.tests.test_wa_flow_and_triggers.TestWATriggers" name="test_update_trigger_delay_minutes" time="0.519" /><testcase classname="backend.tests.test_wa_flow_and_triggers.TestTicketCreation" name="test_ticket_has_correct_fields" time="0.248" /></testsuite></testsuites>