<?xml version="1.0" encoding="utf-8"?><testsuites name="pytest tests"><testsuite name="pytest" errors="0" failures="0" skipped="0" tests="27" time="13.750" timestamp="2026-04-01T09:22:02.263813+00:00" hostname="agent-env-88923b65-cd29-40b6-a809-62b8f5657783"><testcase classname="backend.tests.test_v7_admin_overhaul.TestAuthAndRoles" name="test_regular_admin_login" time="0.306" /><testcase classname="backend.tests.test_v7_admin_overhaul.TestAuthAndRoles" name="test_super_admin_login" time="0.103" /><testcase classname="backend.tests.test_v7_admin_overhaul.TestAuthAndRoles" name="test_auth_me_returns_role" time="0.249" /><testcase classname="backend.tests.test_v7_admin_overhaul.TestAuthAndRoles" name="test_invalid_credentials" time="0.113" /><testcase classname="backend.tests.test_v7_admin_overhaul.TestDashboard" name="test_dashboard_structure" time="0.269" /><testcase classname="backend.tests.test_v7_admin_overhaul.TestRegistrationFilters" name="test_arrival_date_range_filter" time="0.226" /><testcase classname="backend.tests.test_v7_admin_overhaul.TestRegistrationFilters" name="test_departure_date_range_filter" time="0.253" /><testcase classname="backend.tests.test_v7_admin_overhaul.TestRegistrationFilters" name="test_arrival_status_filter" time="0.410" /><testcase classname="backend.tests.test_v7_admin_overhaul.TestRecycleBinAndRestore" name="test_delete_moves_to_recycle_bin" time="0.706" /><testcase classname="backend.tests.test_v7_admin_overhaul.TestRecycleBinAndRestore" name="test_restore_sets_approved_status" time="0.718" /><testcase classname="backend.tests.test_v7_admin_overhaul.TestRoomManagementSuperAdminOnly" name="test_regular_admin_cannot_create_room" time="0.309" /><testcase classname="backend.tests.test_v7_admin_overhaul.TestRoomManagementSuperAdminOnly" name="test_regular_admin_cannot_bulk_add_rooms" time="0.328" /><testcase classname="backend.tests.test_v7_admin_overhaul.TestRoomManagementSuperAdminOnly" name="test_regular_admin_cannot_delete_room" time="0.557" /><testcase classname="backend.tests.test_v7_admin_overhaul.TestRoomManagementSuperAdminOnly" name="test_super_admin_can_create_room" time="0.452" /><testcase classname="backend.tests.test_v7_admin_overhaul.TestRoomShift" name="test_shift_to_unoccupied_room" time="1.175" /><testcase classname="backend.tests.test_v7_admin_overhaul.TestRoomShift" name="test_cannot_shift_to_occupied_room" time="1.632" /><testcase classname="backend.tests.test_v7_admin_overhaul.TestSuperAdminExclusiveFeatures" name="test_super_admin_can_permanent_delete" time="0.657" /><testcase classname="backend.tests.test_v7_admin_overhaul.TestSuperAdminExclusiveFeatures" name="test_regular_admin_cannot_permanent_delete" time="0.632" /><testcase classname="backend.tests.test_v7_admin_overhaul.TestSuperAdminExclusiveFeatures" name="test_super_admin_can_clear_audit_logs" time="0.500" /><testcase classname="backend.tests.test_v7_admin_overhaul.TestSuperAdminExclusiveFeatures" name="test_regular_admin_cannot_clear_audit_logs" time="0.435" /><testcase classname="backend.tests.test_v7_admin_overhaul.TestAdminManagement" name="test_super_admin_can_list_admins" time="0.382" /><testcase classname="backend.tests.test_v7_admin_overhaul.TestAdminManagement" name="test_regular_admin_cannot_list_admins" time="0.336" /><testcase classname="backend.tests.test_v7_admin_overhaul.TestAdminManagement" name="test_super_admin_can_create_custom_admin" time="0.484" /><testcase classname="backend.tests.test_v7_admin_overhaul.TestManualEntry" name="test_manual_entry_creates_approved_status" time="0.399" /><testcase classname="backend.tests.test_v7_admin_overhaul.TestArrivalStatusToggle" name="test_arrival_status_change" time="0.855" /><testcase classname="backend.tests.test_v7_admin_overhaul.TestRegistrationForm" name="test_registration_with_additional_phone_and_address" time="0.293" /><testcase classname="backend.tests.test_v7_admin_overhaul.TestEditGuestWithInternalNotes" name="test_edit_guest_with_admin_notes" time="0.630" /></testsuite></testsuites>