<?xml version="1.0" encoding="utf-8"?><testsuites name="pytest tests"><testsuite name="pytest" errors="0" failures="0" skipped="0" tests="28" time="4.444" timestamp="2026-04-12T16:31:19.610463+00:00" hostname="agent-env-25e557b2-7ca2-46b4-b1b6-f970db58998c"><testcase classname="backend.tests.test_iteration_19.TestAuth" name="test_superadmin_login" time="0.610" /><testcase classname="backend.tests.test_iteration_19.TestAuth" name="test_swamsevak_login" time="0.112" /><testcase classname="backend.tests.test_iteration_19.TestDashboard3Blocks" name="test_dashboard_returns_arrival_summary" time="0.137" /><testcase classname="backend.tests.test_iteration_19.TestDashboard3Blocks" name="test_dashboard_has_active_tickets" time="0.125" /><testcase classname="backend.tests.test_iteration_19.TestDashboard3Blocks" name="test_dashboard_has_top_geographies" time="0.130" /><testcase classname="backend.tests.test_iteration_19.TestDashboard3Blocks" name="test_swamsevak_dashboard_returns_data" time="0.116" /><testcase classname="backend.tests.test_iteration_19.TestDashboard3Blocks" name="test_swamsevak_dashboard_for_volunteer" time="0.105" /><testcase classname="backend.tests.test_iteration_19.TestRecurringTasks" name="test_create_recurring_task_superadmin" time="0.139" /><testcase classname="backend.tests.test_iteration_19.TestRecurringTasks" name="test_recurring_task_appears_in_list" time="0.124" /><testcase classname="backend.tests.test_iteration_19.TestRecurringTasks" name="test_volunteer_cannot_create_recurring_task" time="0.114" /><testcase classname="backend.tests.test_iteration_19.TestRecurringTasks" name="test_volunteer_cannot_delete_recurring_task" time="0.107" /><testcase classname="backend.tests.test_iteration_19.TestRecurringTasks" name="test_complete_recurring_task" time="0.111" /><testcase classname="backend.tests.test_iteration_19.TestRecurringTasks" name="test_cleanup_recurring_task" time="0.106" /><testcase classname="backend.tests.test_iteration_19.TestCustomFieldsTargetScope" name="test_create_custom_field_expected_scope" time="0.101" /><testcase classname="backend.tests.test_iteration_19.TestCustomFieldsTargetScope" name="test_create_custom_field_arrived_scope" time="0.210" /><testcase classname="backend.tests.test_iteration_19.TestCustomFieldsTargetScope" name="test_custom_field_list_has_target_scope" time="0.312" /><testcase classname="backend.tests.test_iteration_19.TestCustomFieldsTargetScope" name="test_cleanup_custom_field" time="0.133" /><testcase classname="backend.tests.test_iteration_19.TestSwamsevakCreation" name="test_create_swamsevak_returns_string_detail" time="0.107" /><testcase classname="backend.tests.test_iteration_19.TestSwamsevakCreation" name="test_create_swamsevak_success" time="0.097" /><testcase classname="backend.tests.test_iteration_19.TestSwamsevakCreation" name="test_cleanup_swamsevak" time="0.110" /><testcase classname="backend.tests.test_iteration_19.TestRoomManagement" name="test_rooms_endpoint_returns_data" time="0.116" /><testcase classname="backend.tests.test_iteration_19.TestRoomManagement" name="test_transfer_endpoint_exists" time="0.112" /><testcase classname="backend.tests.test_iteration_19.TestRoomManagement" name="test_room_vacancy_forecast" time="0.158" /><testcase classname="backend.tests.test_iteration_19.TestEditPermissions" name="test_super_admin_can_edit_expected_guest" time="0.218" /><testcase classname="backend.tests.test_iteration_19.TestEditPermissions" name="test_volunteer_can_edit_admin_notes_only" time="0.259" /><testcase classname="backend.tests.test_iteration_19.TestAuditLog" name="test_audit_log_returns_proper_data" time="0.140" /><testcase classname="backend.tests.test_iteration_19.TestHelpTickets" name="test_tickets_count_in_dashboard" time="0.118" /><testcase classname="backend.tests.test_iteration_19.TestHelpTickets" name="test_swamsevak_dashboard_active_tickets" time="0.110" /></testsuite></testsuites>