<?xml version="1.0" encoding="utf-8"?><testsuites name="pytest tests"><testsuite name="pytest" errors="0" failures="0" skipped="0" tests="26" time="5.641" timestamp="2026-03-31T08:40:18.777763+00:00" hostname="agent-env-88923b65-cd29-40b6-a809-62b8f5657783"><testcase classname="backend.tests.test_v5_admin_approval.TestAdminAuthentication" name="test_admin_login_arun_success" time="0.285" /><testcase classname="backend.tests.test_v5_admin_approval.TestAdminAuthentication" name="test_admin_login_ashok_success" time="0.102" /><testcase classname="backend.tests.test_v5_admin_approval.TestAdminAuthentication" name="test_admin_login_satish_success" time="0.096" /><testcase classname="backend.tests.test_v5_admin_approval.TestAdminAuthentication" name="test_admin_login_basant_success" time="0.131" /><testcase classname="backend.tests.test_v5_admin_approval.TestAdminAuthentication" name="test_admin_login_wrong_password" time="0.137" /><testcase classname="backend.tests.test_v5_admin_approval.TestAdminAuthentication" name="test_admin_login_wrong_username" time="0.129" /><testcase classname="backend.tests.test_v5_admin_approval.TestAdminAuthentication" name="test_admin_login_case_insensitive_username" time="0.098" /><testcase classname="backend.tests.test_v5_admin_approval.TestAdminAuthentication" name="test_auth_me_endpoint" time="0.205" /><testcase classname="backend.tests.test_v5_admin_approval.TestAdminAuthentication" name="test_auth_me_without_token" time="0.096" /><testcase classname="backend.tests.test_v5_admin_approval.TestRegistrationCreation" name="test_create_registration_with_attendees" time="0.097" /><testcase classname="backend.tests.test_v5_admin_approval.TestRegistrationCreation" name="test_create_registration_minimal" time="0.112" /><testcase classname="backend.tests.test_v5_admin_approval.TestApprovalWorkflow" name="test_get_all_registrations" time="0.195" /><testcase classname="backend.tests.test_v5_admin_approval.TestApprovalWorkflow" name="test_get_registrations_by_status" time="0.348" /><testcase classname="backend.tests.test_v5_admin_approval.TestApprovalWorkflow" name="test_approve_registration" time="0.300" /><testcase classname="backend.tests.test_v5_admin_approval.TestApprovalWorkflow" name="test_delete_registration" time="0.316" /><testcase classname="backend.tests.test_v5_admin_approval.TestApprovalWorkflow" name="test_restore_registration" time="0.425" /><testcase classname="backend.tests.test_v5_admin_approval.TestApprovalWorkflow" name="test_invalid_status_update" time="0.284" /><testcase classname="backend.tests.test_v5_admin_approval.TestApprovalWorkflow" name="test_status_update_without_auth" time="0.193" /><testcase classname="backend.tests.test_v5_admin_approval.TestActivityLogs" name="test_get_activity_logs" time="0.208" /><testcase classname="backend.tests.test_v5_admin_approval.TestActivityLogs" name="test_activity_log_created_on_status_change" time="0.503" /><testcase classname="backend.tests.test_v5_admin_approval.TestActivityLogs" name="test_activity_logs_require_auth" time="0.107" /><testcase classname="backend.tests.test_v5_admin_approval.TestSummaryEndpoint" name="test_get_summary" time="0.200" /><testcase classname="backend.tests.test_v5_admin_approval.TestSummaryEndpoint" name="test_summary_requires_auth" time="0.103" /><testcase classname="backend.tests.test_v5_admin_approval.TestCSVExport" name="test_export_csv" time="0.231" /><testcase classname="backend.tests.test_v5_admin_approval.TestCSVExport" name="test_csv_contains_only_approved" time="0.409" /><testcase classname="backend.tests.test_v5_admin_approval.TestCSVExport" name="test_csv_export_requires_auth" time="0.095" /></testsuite></testsuites>