<?xml version="1.0" encoding="utf-8"?><testsuites name="pytest tests"><testsuite name="pytest" errors="0" failures="0" skipped="0" tests="13" time="7.637" timestamp="2026-04-11T05:52:07.383914+00:00" hostname="agent-env-88923b65-cd29-40b6-a809-62b8f5657783"><testcase classname="backend.tests.test_iteration_16.TestMarkArrivalEndpoint" name="test_mark_arrival_blocked_without_swamsevak" time="0.719" /><testcase classname="backend.tests.test_iteration_16.TestMarkArrivalEndpoint" name="test_mark_arrival_blocked_without_room" time="0.605" /><testcase classname="backend.tests.test_iteration_16.TestMarkArrivalEndpoint" name="test_mark_arrival_blocked_without_qr" time="0.909" /><testcase classname="backend.tests.test_iteration_16.TestMarkArrivalEndpoint" name="test_mark_arrival_success_with_all_conditions" time="1.122" /><testcase classname="backend.tests.test_iteration_16.TestMarkArrivalEndpoint" name="test_no_double_marking" time="1.079" /><testcase classname="backend.tests.test_iteration_16.TestQRImageField" name="test_qr_generation_returns_qr_image_b64" time="0.461" /><testcase classname="backend.tests.test_iteration_16.TestQRImageField" name="test_registration_detail_contains_qr_image_b64" time="0.546" /><testcase classname="backend.tests.test_iteration_16.TestRoomCSVExport" name="test_room_csv_export_endpoint" time="0.228" /><testcase classname="backend.tests.test_iteration_16.TestManualEntryValidation" name="test_manual_entry_accepts_valid_data" time="0.327" /><testcase classname="backend.tests.test_iteration_16.TestPublicEndpoints" name="test_reference_persons_public_endpoint" time="0.113" /><testcase classname="backend.tests.test_iteration_16.TestPublicEndpoints" name="test_relation_categories_public_endpoint" time="0.101" /><testcase classname="backend.tests.test_iteration_16.TestUserPortalConfirmedState" name="test_confirmed_state_requires_all_conditions" time="1.101" /><testcase classname="backend.tests.test_iteration_16.TestArrivedGuestListEndpoint" name="test_arrived_guests_endpoint" time="0.215" /></testsuite></testsuites>